CRITICAL - 2023-02-05 05:17:49 --> Undefined variable $validation
in APPPATH\Views\register.php on line 13.
 1 APPPATH\Views\register.php(13): CodeIgniter\Debug\Exceptions->errorHandler(2, 'Undefined variable $validation', 'APPPATH\\Views\\register.php', 13)
 2 SYSTEMPATH\View\View.php(213): include('APPPATH\\Views\\register.php')
 3 SYSTEMPATH\View\View.php(216): CodeIgniter\View\View->CodeIgniter\View\{closure}()
 4 SYSTEMPATH\Common.php(1177): CodeIgniter\View\View->render('register', [], true)
 5 APPPATH\Controllers\Users.php(42): view('register', [])
 6 SYSTEMPATH\CodeIgniter.php(934): App\Controllers\Users->register()
 7 SYSTEMPATH\CodeIgniter.php(499): CodeIgniter\CodeIgniter->runController(Object(App\Controllers\Users))
 8 SYSTEMPATH\CodeIgniter.php(368): CodeIgniter\CodeIgniter->handleRequest(null, Object(Config\Cache), false)
 9 FCPATH\index.php(67): CodeIgniter\CodeIgniter->run()
10 SYSTEMPATH\Commands\Server\rewrite.php(47): require_once('FCPATH\\index.php')
CRITICAL - 2023-02-05 05:21:52 --> Undefined variable $validation
in APPPATH\Views\register.php on line 13.
 1 APPPATH\Views\register.php(13): CodeIgniter\Debug\Exceptions->errorHandler(2, 'Undefined variable $validation', 'APPPATH\\Views\\register.php', 13)
 2 SYSTEMPATH\View\View.php(213): include('APPPATH\\Views\\register.php')
 3 SYSTEMPATH\View\View.php(216): CodeIgniter\View\View->CodeIgniter\View\{closure}()
 4 SYSTEMPATH\Common.php(1177): CodeIgniter\View\View->render('register', [], true)
 5 APPPATH\Controllers\Users.php(42): view('register', [])
 6 SYSTEMPATH\CodeIgniter.php(934): App\Controllers\Users->register()
 7 SYSTEMPATH\CodeIgniter.php(499): CodeIgniter\CodeIgniter->runController(Object(App\Controllers\Users))
 8 SYSTEMPATH\CodeIgniter.php(368): CodeIgniter\CodeIgniter->handleRequest(null, Object(Config\Cache), false)
 9 FCPATH\index.php(67): CodeIgniter\CodeIgniter->run()
10 SYSTEMPATH\Commands\Server\rewrite.php(47): require_once('FCPATH\\index.php')
CRITICAL - 2023-02-05 05:21:56 --> Undefined variable $validation
in APPPATH\Views\register.php on line 13.
 1 APPPATH\Views\register.php(13): CodeIgniter\Debug\Exceptions->errorHandler(2, 'Undefined variable $validation', 'APPPATH\\Views\\register.php', 13)
 2 SYSTEMPATH\View\View.php(213): include('APPPATH\\Views\\register.php')
 3 SYSTEMPATH\View\View.php(216): CodeIgniter\View\View->CodeIgniter\View\{closure}()
 4 SYSTEMPATH\Common.php(1177): CodeIgniter\View\View->render('register', [], true)
 5 APPPATH\Controllers\Users.php(42): view('register', [])
 6 SYSTEMPATH\CodeIgniter.php(934): App\Controllers\Users->register()
 7 SYSTEMPATH\CodeIgniter.php(499): CodeIgniter\CodeIgniter->runController(Object(App\Controllers\Users))
 8 SYSTEMPATH\CodeIgniter.php(368): CodeIgniter\CodeIgniter->handleRequest(null, Object(Config\Cache), false)
 9 FCPATH\index.php(67): CodeIgniter\CodeIgniter->run()
10 SYSTEMPATH\Commands\Server\rewrite.php(47): require_once('FCPATH\\index.php')
CRITICAL - 2023-02-05 05:21:58 --> Undefined variable $validation
in APPPATH\Views\register.php on line 13.
 1 APPPATH\Views\register.php(13): CodeIgniter\Debug\Exceptions->errorHandler(2, 'Undefined variable $validation', 'APPPATH\\Views\\register.php', 13)
 2 SYSTEMPATH\View\View.php(213): include('APPPATH\\Views\\register.php')
 3 SYSTEMPATH\View\View.php(216): CodeIgniter\View\View->CodeIgniter\View\{closure}()
 4 SYSTEMPATH\Common.php(1177): CodeIgniter\View\View->render('register', [], true)
 5 APPPATH\Controllers\Users.php(42): view('register', [])
 6 SYSTEMPATH\CodeIgniter.php(934): App\Controllers\Users->register()
 7 SYSTEMPATH\CodeIgniter.php(499): CodeIgniter\CodeIgniter->runController(Object(App\Controllers\Users))
 8 SYSTEMPATH\CodeIgniter.php(368): CodeIgniter\CodeIgniter->handleRequest(null, Object(Config\Cache), false)
 9 FCPATH\index.php(67): CodeIgniter\CodeIgniter->run()
10 SYSTEMPATH\Commands\Server\rewrite.php(47): require_once('FCPATH\\index.php')
CRITICAL - 2023-02-05 05:22:00 --> Undefined variable $validation
in APPPATH\Views\register.php on line 13.
 1 APPPATH\Views\register.php(13): CodeIgniter\Debug\Exceptions->errorHandler(2, 'Undefined variable $validation', 'APPPATH\\Views\\register.php', 13)
 2 SYSTEMPATH\View\View.php(213): include('APPPATH\\Views\\register.php')
 3 SYSTEMPATH\View\View.php(216): CodeIgniter\View\View->CodeIgniter\View\{closure}()
 4 SYSTEMPATH\Common.php(1177): CodeIgniter\View\View->render('register', [], true)
 5 APPPATH\Controllers\Users.php(42): view('register', [])
 6 SYSTEMPATH\CodeIgniter.php(934): App\Controllers\Users->register()
 7 SYSTEMPATH\CodeIgniter.php(499): CodeIgniter\CodeIgniter->runController(Object(App\Controllers\Users))
 8 SYSTEMPATH\CodeIgniter.php(368): CodeIgniter\CodeIgniter->handleRequest(null, Object(Config\Cache), false)
 9 FCPATH\index.php(67): CodeIgniter\CodeIgniter->run()
10 SYSTEMPATH\Commands\Server\rewrite.php(47): require_once('FCPATH\\index.php')
CRITICAL - 2023-02-05 05:22:02 --> Undefined variable $validation
in APPPATH\Views\register.php on line 13.
 1 APPPATH\Views\register.php(13): CodeIgniter\Debug\Exceptions->errorHandler(2, 'Undefined variable $validation', 'APPPATH\\Views\\register.php', 13)
 2 SYSTEMPATH\View\View.php(213): include('APPPATH\\Views\\register.php')
 3 SYSTEMPATH\View\View.php(216): CodeIgniter\View\View->CodeIgniter\View\{closure}()
 4 SYSTEMPATH\Common.php(1177): CodeIgniter\View\View->render('register', [], true)
 5 APPPATH\Controllers\Users.php(42): view('register', [])
 6 SYSTEMPATH\CodeIgniter.php(934): App\Controllers\Users->register()
 7 SYSTEMPATH\CodeIgniter.php(499): CodeIgniter\CodeIgniter->runController(Object(App\Controllers\Users))
 8 SYSTEMPATH\CodeIgniter.php(368): CodeIgniter\CodeIgniter->handleRequest(null, Object(Config\Cache), false)
 9 FCPATH\index.php(67): CodeIgniter\CodeIgniter->run()
10 SYSTEMPATH\Commands\Server\rewrite.php(47): require_once('FCPATH\\index.php')
CRITICAL - 2023-02-05 06:10:02 --> Undefined variable $validation
in APPPATH\Views\register.php on line 13.
 1 APPPATH\Views\register.php(13): CodeIgniter\Debug\Exceptions->errorHandler(2, 'Undefined variable $validation', 'APPPATH\\Views\\register.php', 13)
 2 SYSTEMPATH\View\View.php(213): include('APPPATH\\Views\\register.php')
 3 SYSTEMPATH\View\View.php(216): CodeIgniter\View\View->CodeIgniter\View\{closure}()
 4 SYSTEMPATH\Common.php(1177): CodeIgniter\View\View->render('register', [], true)
 5 APPPATH\Controllers\Users.php(42): view('register', [])
 6 SYSTEMPATH\CodeIgniter.php(934): App\Controllers\Users->register()
 7 SYSTEMPATH\CodeIgniter.php(499): CodeIgniter\CodeIgniter->runController(Object(App\Controllers\Users))
 8 SYSTEMPATH\CodeIgniter.php(368): CodeIgniter\CodeIgniter->handleRequest(null, Object(Config\Cache), false)
 9 FCPATH\index.php(67): CodeIgniter\CodeIgniter->run()
10 SYSTEMPATH\Commands\Server\rewrite.php(47): require_once('FCPATH\\index.php')
CRITICAL - 2023-02-05 06:32:56 --> Call to a member function getError() on string
in APPPATH\Views\register.php on line 14.
 1 SYSTEMPATH\View\View.php(213): include()
 2 SYSTEMPATH\View\View.php(216): CodeIgniter\View\View->CodeIgniter\View\{closure}()
 3 SYSTEMPATH\Common.php(1177): CodeIgniter\View\View->render('register', [], true)
 4 APPPATH\Controllers\Users.php(42): view('register', [])
 5 SYSTEMPATH\CodeIgniter.php(934): App\Controllers\Users->register()
 6 SYSTEMPATH\CodeIgniter.php(499): CodeIgniter\CodeIgniter->runController(Object(App\Controllers\Users))
 7 SYSTEMPATH\CodeIgniter.php(368): CodeIgniter\CodeIgniter->handleRequest(null, Object(Config\Cache), false)
 8 FCPATH\index.php(67): CodeIgniter\CodeIgniter->run()
 9 SYSTEMPATH\Commands\Server\rewrite.php(47): require_once('FCPATH\\index.php')
CRITICAL - 2023-02-05 06:48:16 --> Call to a member function listErrors() on string
in APPPATH\Views\register.php on line 53.
 1 SYSTEMPATH\View\View.php(213): include()
 2 SYSTEMPATH\View\View.php(216): CodeIgniter\View\View->CodeIgniter\View\{closure}()
 3 SYSTEMPATH\Common.php(1177): CodeIgniter\View\View->render('register', [], true)
 4 APPPATH\Controllers\Users.php(43): view('register', [])
 5 SYSTEMPATH\CodeIgniter.php(934): App\Controllers\Users->register()
 6 SYSTEMPATH\CodeIgniter.php(499): CodeIgniter\CodeIgniter->runController(Object(App\Controllers\Users))
 7 SYSTEMPATH\CodeIgniter.php(368): CodeIgniter\CodeIgniter->handleRequest(null, Object(Config\Cache), false)
 8 FCPATH\index.php(67): CodeIgniter\CodeIgniter->run()
 9 SYSTEMPATH\Commands\Server\rewrite.php(47): require_once('FCPATH\\index.php')
CRITICAL - 2023-02-05 10:52:07 --> "noauth" filter must have a matching alias defined.
in SYSTEMPATH\Filters\Filters.php on line 340.
 1 SYSTEMPATH\Filters\Filters.php(340): CodeIgniter\Filters\Exceptions\FilterException::forNoAlias('noauth')
 2 SYSTEMPATH\CodeIgniter.php(466): CodeIgniter\Filters\Filters->enableFilter('noauth', 'before')
 3 SYSTEMPATH\CodeIgniter.php(368): CodeIgniter\CodeIgniter->handleRequest(null, Object(Config\Cache), false)
 4 FCPATH\index.php(67): CodeIgniter\CodeIgniter->run()
 5 SYSTEMPATH\Commands\Server\rewrite.php(47): require_once('FCPATH\\index.php')
CRITICAL - 2023-02-05 10:54:57 --> "reqiured" is not a valid rule.
in SYSTEMPATH\Validation\Validation.php on line 320.
 1 SYSTEMPATH\Validation\Validation.php(320): CodeIgniter\Validation\Exceptions\ValidationException::forRuleNotFound('reqiured')
 2 SYSTEMPATH\Validation\Validation.php(170): CodeIgniter\Validation\Validation->processRules('password', 'password', 'ankit', [...], [...])
 3 SYSTEMPATH\Controller.php(140): CodeIgniter\Validation\Validation->run()
 4 APPPATH\Controllers\Users.php(38): CodeIgniter\Controller->validate([...])
 5 SYSTEMPATH\CodeIgniter.php(934): App\Controllers\Users->register()
 6 SYSTEMPATH\CodeIgniter.php(499): CodeIgniter\CodeIgniter->runController(Object(App\Controllers\Users))
 7 SYSTEMPATH\CodeIgniter.php(368): CodeIgniter\CodeIgniter->handleRequest(null, Object(Config\Cache), false)
 8 FCPATH\index.php(67): CodeIgniter\CodeIgniter->run()
 9 SYSTEMPATH\Commands\Server\rewrite.php(47): require_once('FCPATH\\index.php')
CRITICAL - 2023-02-05 11:01:22 --> "reqiured" is not a valid rule.
in SYSTEMPATH\Validation\Validation.php on line 320.
 1 SYSTEMPATH\Validation\Validation.php(320): CodeIgniter\Validation\Exceptions\ValidationException::forRuleNotFound('reqiured')
 2 SYSTEMPATH\Validation\Validation.php(170): CodeIgniter\Validation\Validation->processRules('password', 'password', 'ankit', [...], [...])
 3 SYSTEMPATH\Controller.php(140): CodeIgniter\Validation\Validation->run()
 4 APPPATH\Controllers\Users.php(38): CodeIgniter\Controller->validate([...])
 5 SYSTEMPATH\CodeIgniter.php(934): App\Controllers\Users->register()
 6 SYSTEMPATH\CodeIgniter.php(499): CodeIgniter\CodeIgniter->runController(Object(App\Controllers\Users))
 7 SYSTEMPATH\CodeIgniter.php(368): CodeIgniter\CodeIgniter->handleRequest(null, Object(Config\Cache), false)
 8 FCPATH\index.php(67): CodeIgniter\CodeIgniter->run()
 9 SYSTEMPATH\Commands\Server\rewrite.php(47): require_once('FCPATH\\index.php')
CRITICAL - 2023-02-05 11:03:15 --> "reqiured" is not a valid rule.
in SYSTEMPATH\Validation\Validation.php on line 320.
 1 SYSTEMPATH\Validation\Validation.php(320): CodeIgniter\Validation\Exceptions\ValidationException::forRuleNotFound('reqiured')
 2 SYSTEMPATH\Validation\Validation.php(170): CodeIgniter\Validation\Validation->processRules('password', 'password', 'ankit', [...], [...])
 3 SYSTEMPATH\Controller.php(140): CodeIgniter\Validation\Validation->run()
 4 APPPATH\Controllers\Users.php(38): CodeIgniter\Controller->validate([...])
 5 SYSTEMPATH\CodeIgniter.php(934): App\Controllers\Users->register()
 6 SYSTEMPATH\CodeIgniter.php(499): CodeIgniter\CodeIgniter->runController(Object(App\Controllers\Users))
 7 SYSTEMPATH\CodeIgniter.php(368): CodeIgniter\CodeIgniter->handleRequest(null, Object(Config\Cache), false)
 8 FCPATH\index.php(67): CodeIgniter\CodeIgniter->run()
 9 SYSTEMPATH\Commands\Server\rewrite.php(47): require_once('FCPATH\\index.php')
CRITICAL - 2023-02-05 12:00:39 --> "reqiured" is not a valid rule.
in SYSTEMPATH\Validation\Validation.php on line 320.
 1 SYSTEMPATH\Validation\Validation.php(320): CodeIgniter\Validation\Exceptions\ValidationException::forRuleNotFound('reqiured')
 2 SYSTEMPATH\Validation\Validation.php(170): CodeIgniter\Validation\Validation->processRules('password', 'password', 'ankit', [...], [...])
 3 SYSTEMPATH\Controller.php(140): CodeIgniter\Validation\Validation->run()
 4 APPPATH\Controllers\Users.php(38): CodeIgniter\Controller->validate([...])
 5 SYSTEMPATH\CodeIgniter.php(934): App\Controllers\Users->register()
 6 SYSTEMPATH\CodeIgniter.php(499): CodeIgniter\CodeIgniter->runController(Object(App\Controllers\Users))
 7 SYSTEMPATH\CodeIgniter.php(368): CodeIgniter\CodeIgniter->handleRequest(null, Object(Config\Cache), false)
 8 FCPATH\index.php(67): CodeIgniter\CodeIgniter->run()
 9 SYSTEMPATH\Commands\Server\rewrite.php(47): require_once('FCPATH\\index.php')
CRITICAL - 2023-02-05 12:02:29 --> Trying to access array offset on value of type null
in SYSTEMPATH\BaseModel.php on line 782.
 1 SYSTEMPATH\BaseModel.php(782): CodeIgniter\Debug\Exceptions->errorHandler(2, 'Trying to access array offset on value of type null', 'SYSTEMPATH\\BaseModel.php', 782)
 2 SYSTEMPATH\Model.php(729): CodeIgniter\BaseModel->insert([...], false)
 3 SYSTEMPATH\BaseModel.php(692): CodeIgniter\Model->insert([...], false)
 4 APPPATH\Controllers\Users.php(85): CodeIgniter\BaseModel->save([...])
 5 SYSTEMPATH\CodeIgniter.php(934): App\Controllers\Users->register()
 6 SYSTEMPATH\CodeIgniter.php(499): CodeIgniter\CodeIgniter->runController(Object(App\Controllers\Users))
 7 SYSTEMPATH\CodeIgniter.php(368): CodeIgniter\CodeIgniter->handleRequest(null, Object(Config\Cache), false)
 8 FCPATH\index.php(67): CodeIgniter\CodeIgniter->run()
 9 SYSTEMPATH\Commands\Server\rewrite.php(47): require_once('FCPATH\\index.php')
CRITICAL - 2023-02-05 12:08:45 --> Trying to access array offset on value of type null
in SYSTEMPATH\BaseModel.php on line 782.
 1 SYSTEMPATH\BaseModel.php(782): CodeIgniter\Debug\Exceptions->errorHandler(2, 'Trying to access array offset on value of type null', 'SYSTEMPATH\\BaseModel.php', 782)
 2 SYSTEMPATH\Model.php(729): CodeIgniter\BaseModel->insert([...], false)
 3 SYSTEMPATH\BaseModel.php(692): CodeIgniter\Model->insert([...], false)
 4 APPPATH\Controllers\Users.php(85): CodeIgniter\BaseModel->save([...])
 5 SYSTEMPATH\CodeIgniter.php(934): App\Controllers\Users->register()
 6 SYSTEMPATH\CodeIgniter.php(499): CodeIgniter\CodeIgniter->runController(Object(App\Controllers\Users))
 7 SYSTEMPATH\CodeIgniter.php(368): CodeIgniter\CodeIgniter->handleRequest(null, Object(Config\Cache), false)
 8 FCPATH\index.php(67): CodeIgniter\CodeIgniter->run()
 9 SYSTEMPATH\Commands\Server\rewrite.php(47): require_once('FCPATH\\index.php')
CRITICAL - 2023-02-05 12:09:36 --> Trying to access array offset on value of type null
in SYSTEMPATH\BaseModel.php on line 782.
 1 SYSTEMPATH\BaseModel.php(782): CodeIgniter\Debug\Exceptions->errorHandler(2, 'Trying to access array offset on value of type null', 'SYSTEMPATH\\BaseModel.php', 782)
 2 SYSTEMPATH\Model.php(729): CodeIgniter\BaseModel->insert([...], false)
 3 SYSTEMPATH\BaseModel.php(692): CodeIgniter\Model->insert([...], false)
 4 APPPATH\Controllers\Users.php(85): CodeIgniter\BaseModel->save([...])
 5 SYSTEMPATH\CodeIgniter.php(934): App\Controllers\Users->register()
 6 SYSTEMPATH\CodeIgniter.php(499): CodeIgniter\CodeIgniter->runController(Object(App\Controllers\Users))
 7 SYSTEMPATH\CodeIgniter.php(368): CodeIgniter\CodeIgniter->handleRequest(null, Object(Config\Cache), false)
 8 FCPATH\index.php(67): CodeIgniter\CodeIgniter->run()
 9 SYSTEMPATH\Commands\Server\rewrite.php(47): require_once('FCPATH\\index.php')
CRITICAL - 2023-02-05 12:13:21 --> Trying to access array offset on value of type null
in SYSTEMPATH\BaseModel.php on line 782.
 1 SYSTEMPATH\BaseModel.php(782): CodeIgniter\Debug\Exceptions->errorHandler(2, 'Trying to access array offset on value of type null', 'SYSTEMPATH\\BaseModel.php', 782)
 2 SYSTEMPATH\Model.php(729): CodeIgniter\BaseModel->insert([...], false)
 3 SYSTEMPATH\BaseModel.php(692): CodeIgniter\Model->insert([...], false)
 4 APPPATH\Controllers\Users.php(49): CodeIgniter\BaseModel->save([...])
 5 SYSTEMPATH\CodeIgniter.php(934): App\Controllers\Users->register()
 6 SYSTEMPATH\CodeIgniter.php(499): CodeIgniter\CodeIgniter->runController(Object(App\Controllers\Users))
 7 SYSTEMPATH\CodeIgniter.php(368): CodeIgniter\CodeIgniter->handleRequest(null, Object(Config\Cache), false)
 8 FCPATH\index.php(67): CodeIgniter\CodeIgniter->run()
 9 SYSTEMPATH\Commands\Server\rewrite.php(47): require_once('FCPATH\\index.php')
CRITICAL - 2023-02-05 12:13:49 --> Trying to access array offset on value of type null
in SYSTEMPATH\BaseModel.php on line 782.
 1 SYSTEMPATH\BaseModel.php(782): CodeIgniter\Debug\Exceptions->errorHandler(2, 'Trying to access array offset on value of type null', 'SYSTEMPATH\\BaseModel.php', 782)
 2 SYSTEMPATH\Model.php(729): CodeIgniter\BaseModel->insert([...], false)
 3 SYSTEMPATH\BaseModel.php(692): CodeIgniter\Model->insert([...], false)
 4 APPPATH\Controllers\Users.php(49): CodeIgniter\BaseModel->save([...])
 5 SYSTEMPATH\CodeIgniter.php(934): App\Controllers\Users->register()
 6 SYSTEMPATH\CodeIgniter.php(499): CodeIgniter\CodeIgniter->runController(Object(App\Controllers\Users))
 7 SYSTEMPATH\CodeIgniter.php(368): CodeIgniter\CodeIgniter->handleRequest(null, Object(Config\Cache), false)
 8 FCPATH\index.php(67): CodeIgniter\CodeIgniter->run()
 9 SYSTEMPATH\Commands\Server\rewrite.php(47): require_once('FCPATH\\index.php')
CRITICAL - 2023-02-05 12:17:28 --> Trying to access array offset on value of type null
in SYSTEMPATH\BaseModel.php on line 782.
 1 SYSTEMPATH\BaseModel.php(782): CodeIgniter\Debug\Exceptions->errorHandler(2, 'Trying to access array offset on value of type null', 'SYSTEMPATH\\BaseModel.php', 782)
 2 SYSTEMPATH\Model.php(729): CodeIgniter\BaseModel->insert([...], false)
 3 SYSTEMPATH\BaseModel.php(692): CodeIgniter\Model->insert([...], false)
 4 APPPATH\Controllers\Users.php(49): CodeIgniter\BaseModel->save([...])
 5 SYSTEMPATH\CodeIgniter.php(934): App\Controllers\Users->register()
 6 SYSTEMPATH\CodeIgniter.php(499): CodeIgniter\CodeIgniter->runController(Object(App\Controllers\Users))
 7 SYSTEMPATH\CodeIgniter.php(368): CodeIgniter\CodeIgniter->handleRequest(null, Object(Config\Cache), false)
 8 FCPATH\index.php(67): CodeIgniter\CodeIgniter->run()
 9 SYSTEMPATH\Commands\Server\rewrite.php(47): require_once('FCPATH\\index.php')
CRITICAL - 2023-02-05 12:17:54 --> Trying to access array offset on value of type null
in SYSTEMPATH\BaseModel.php on line 782.
 1 SYSTEMPATH\BaseModel.php(782): CodeIgniter\Debug\Exceptions->errorHandler(2, 'Trying to access array offset on value of type null', 'SYSTEMPATH\\BaseModel.php', 782)
 2 SYSTEMPATH\Model.php(729): CodeIgniter\BaseModel->insert([...], false)
 3 SYSTEMPATH\BaseModel.php(692): CodeIgniter\Model->insert([...], false)
 4 APPPATH\Controllers\Users.php(49): CodeIgniter\BaseModel->save([...])
 5 SYSTEMPATH\CodeIgniter.php(934): App\Controllers\Users->register()
 6 SYSTEMPATH\CodeIgniter.php(499): CodeIgniter\CodeIgniter->runController(Object(App\Controllers\Users))
 7 SYSTEMPATH\CodeIgniter.php(368): CodeIgniter\CodeIgniter->handleRequest(null, Object(Config\Cache), false)
 8 FCPATH\index.php(67): CodeIgniter\CodeIgniter->run()
 9 SYSTEMPATH\Commands\Server\rewrite.php(47): require_once('FCPATH\\index.php')
CRITICAL - 2023-02-05 12:50:30 --> Declaration of App\Filters\Noauth::before(CodeIgniter\HTTP\RequestInterface $request) must be compatible with CodeIgniter\Filters\FilterInterface::before(CodeIgniter\HTTP\RequestInterface $request, $arguments = null)
in APPPATH\Filters\Noauth.php on line 9.
 1 [internal function]: CodeIgniter\Debug\Exceptions->shutdownHandler()
CRITICAL - 2023-02-05 12:50:48 --> Declaration of App\Filters\Noauth::before(CodeIgniter\HTTP\RequestInterface $request) must be compatible with CodeIgniter\Filters\FilterInterface::before(CodeIgniter\HTTP\RequestInterface $request, $arguments = null)
in APPPATH\Filters\Noauth.php on line 9.
 1 [internal function]: CodeIgniter\Debug\Exceptions->shutdownHandler()
CRITICAL - 2023-02-05 12:50:49 --> Declaration of App\Filters\Noauth::before(CodeIgniter\HTTP\RequestInterface $request) must be compatible with CodeIgniter\Filters\FilterInterface::before(CodeIgniter\HTTP\RequestInterface $request, $arguments = null)
in APPPATH\Filters\Noauth.php on line 9.
 1 [internal function]: CodeIgniter\Debug\Exceptions->shutdownHandler()
CRITICAL - 2023-02-05 12:54:48 --> Undefined property: App\Validation\UserRules::$ruleSets
in SYSTEMPATH\Validation\Validation.php on line 95.
 1 SYSTEMPATH\Validation\Validation.php(95): CodeIgniter\Debug\Exceptions->errorHandler(2, 'Undefined property: App\\Validation\\UserRules::$ruleSets', 'SYSTEMPATH\\Validation\\Validation.php', 95)
 2 SYSTEMPATH\Config\Services.php(755): CodeIgniter\Validation\Validation->__construct(Object(App\Validation\UserRules), Object(CodeIgniter\View\View))
 3 SYSTEMPATH\Config\BaseService.php(252): CodeIgniter\Config\Services::validation(Object(App\Validation\UserRules), false)
 4 SYSTEMPATH\Config\BaseService.php(193): CodeIgniter\Config\BaseService::__callStatic('validation', [...])
 5 SYSTEMPATH\Config\Services.php(750): CodeIgniter\Config\BaseService::getSharedInstance('validation', null)
 6 SYSTEMPATH\Config\BaseService.php(252): CodeIgniter\Config\Services::validation()
 7 SYSTEMPATH\Controller.php(163): CodeIgniter\Config\BaseService::__callStatic('validation', [])
 8 SYSTEMPATH\Controller.php(138): CodeIgniter\Controller->setValidator([...], [])
 9 APPPATH\Controllers\Users.php(74): CodeIgniter\Controller->validate([...])
10 SYSTEMPATH\CodeIgniter.php(934): App\Controllers\Users->register()
11 SYSTEMPATH\CodeIgniter.php(499): CodeIgniter\CodeIgniter->runController(Object(App\Controllers\Users))
12 SYSTEMPATH\CodeIgniter.php(368): CodeIgniter\CodeIgniter->handleRequest(null, Object(Config\Cache), false)
13 FCPATH\index.php(67): CodeIgniter\CodeIgniter->run()
14 SYSTEMPATH\Commands\Server\rewrite.php(47): require_once('FCPATH\\index.php')
CRITICAL - 2023-02-05 12:55:14 --> Undefined property: App\Validation\UserRules::$ruleSets
in SYSTEMPATH\Validation\Validation.php on line 95.
 1 SYSTEMPATH\Validation\Validation.php(95): CodeIgniter\Debug\Exceptions->errorHandler(2, 'Undefined property: App\\Validation\\UserRules::$ruleSets', 'SYSTEMPATH\\Validation\\Validation.php', 95)
 2 SYSTEMPATH\Config\Services.php(755): CodeIgniter\Validation\Validation->__construct(Object(App\Validation\UserRules), Object(CodeIgniter\View\View))
 3 SYSTEMPATH\Config\BaseService.php(252): CodeIgniter\Config\Services::validation(Object(App\Validation\UserRules), false)
 4 SYSTEMPATH\Config\BaseService.php(193): CodeIgniter\Config\BaseService::__callStatic('validation', [...])
 5 SYSTEMPATH\Config\Services.php(750): CodeIgniter\Config\BaseService::getSharedInstance('validation', null)
 6 SYSTEMPATH\Config\BaseService.php(252): CodeIgniter\Config\Services::validation()
 7 APPPATH\Views\register.php(2): CodeIgniter\Config\BaseService::__callStatic('validation', [])
 8 SYSTEMPATH\View\View.php(213): include('APPPATH\\Views\\register.php')
 9 SYSTEMPATH\View\View.php(216): CodeIgniter\View\View->CodeIgniter\View\{closure}()
10 SYSTEMPATH\Common.php(1177): CodeIgniter\View\View->render('register', [], true)
11 APPPATH\Controllers\Users.php(95): view('register')
12 SYSTEMPATH\CodeIgniter.php(934): App\Controllers\Users->register()
13 SYSTEMPATH\CodeIgniter.php(499): CodeIgniter\CodeIgniter->runController(Object(App\Controllers\Users))
14 SYSTEMPATH\CodeIgniter.php(368): CodeIgniter\CodeIgniter->handleRequest(null, Object(Config\Cache), false)
15 FCPATH\index.php(67): CodeIgniter\CodeIgniter->run()
16 SYSTEMPATH\Commands\Server\rewrite.php(47): require_once('FCPATH\\index.php')
CRITICAL - 2023-02-05 12:58:41 --> Undefined property: App\Validation\UserRules::$ruleSets
in SYSTEMPATH\Validation\Validation.php on line 95.
 1 SYSTEMPATH\Validation\Validation.php(95): CodeIgniter\Debug\Exceptions->errorHandler(2, 'Undefined property: App\\Validation\\UserRules::$ruleSets', 'SYSTEMPATH\\Validation\\Validation.php', 95)
 2 SYSTEMPATH\Config\Services.php(755): CodeIgniter\Validation\Validation->__construct(Object(App\Validation\UserRules), Object(CodeIgniter\View\View))
 3 SYSTEMPATH\Config\BaseService.php(252): CodeIgniter\Config\Services::validation(Object(App\Validation\UserRules), false)
 4 SYSTEMPATH\Config\BaseService.php(193): CodeIgniter\Config\BaseService::__callStatic('validation', [...])
 5 SYSTEMPATH\Config\Services.php(750): CodeIgniter\Config\BaseService::getSharedInstance('validation', null)
 6 SYSTEMPATH\Config\BaseService.php(252): CodeIgniter\Config\Services::validation()
 7 APPPATH\Views\register.php(2): CodeIgniter\Config\BaseService::__callStatic('validation', [])
 8 SYSTEMPATH\View\View.php(213): include('APPPATH\\Views\\register.php')
 9 SYSTEMPATH\View\View.php(216): CodeIgniter\View\View->CodeIgniter\View\{closure}()
10 SYSTEMPATH\Common.php(1177): CodeIgniter\View\View->render('register', [], true)
11 APPPATH\Controllers\Users.php(95): view('register')
12 SYSTEMPATH\CodeIgniter.php(934): App\Controllers\Users->register()
13 SYSTEMPATH\CodeIgniter.php(499): CodeIgniter\CodeIgniter->runController(Object(App\Controllers\Users))
14 SYSTEMPATH\CodeIgniter.php(368): CodeIgniter\CodeIgniter->handleRequest(null, Object(Config\Cache), false)
15 FCPATH\index.php(67): CodeIgniter\CodeIgniter->run()
16 SYSTEMPATH\Commands\Server\rewrite.php(47): require_once('FCPATH\\index.php')
CRITICAL - 2023-02-05 13:04:18 --> Class "App\Validation\UserRules" not found
in SYSTEMPATH\Validation\Validation.php on line 596.
 1 SYSTEMPATH\Validation\Validation.php(117): CodeIgniter\Validation\Validation->loadRuleSets()
 2 SYSTEMPATH\Controller.php(140): CodeIgniter\Validation\Validation->run()
 3 APPPATH\Controllers\Users.php(74): CodeIgniter\Controller->validate([...])
 4 SYSTEMPATH\CodeIgniter.php(934): App\Controllers\Users->register()
 5 SYSTEMPATH\CodeIgniter.php(499): CodeIgniter\CodeIgniter->runController(Object(App\Controllers\Users))
 6 SYSTEMPATH\CodeIgniter.php(368): CodeIgniter\CodeIgniter->handleRequest(null, Object(Config\Cache), false)
 7 FCPATH\index.php(67): CodeIgniter\CodeIgniter->run()
 8 SYSTEMPATH\Commands\Server\rewrite.php(47): require_once('FCPATH\\index.php')
CRITICAL - 2023-02-05 13:09:14 --> Call to undefined function get()
in APPPATH\Views\login.php on line 10.
 1 SYSTEMPATH\View\View.php(213): include()
 2 SYSTEMPATH\View\View.php(216): CodeIgniter\View\View->CodeIgniter\View\{closure}()
 3 SYSTEMPATH\Common.php(1177): CodeIgniter\View\View->render('login', [], true)
 4 APPPATH\Controllers\Users.php(43): view('login')
 5 SYSTEMPATH\CodeIgniter.php(934): App\Controllers\Users->index()
 6 SYSTEMPATH\CodeIgniter.php(499): CodeIgniter\CodeIgniter->runController(Object(App\Controllers\Users))
 7 SYSTEMPATH\CodeIgniter.php(368): CodeIgniter\CodeIgniter->handleRequest(null, Object(Config\Cache), false)
 8 FCPATH\index.php(67): CodeIgniter\CodeIgniter->run()
 9 SYSTEMPATH\Commands\Server\rewrite.php(47): require_once('FCPATH\\index.php')
ERROR - 2023-02-05 14:29:25 --> Error connecting to the database: mysqli_sql_exception: No connection could be made because the target machine actively refused it in C:\xampp\htdocs\login\system\Database\MySQLi\Connection.php:174
Stack trace:
#0 C:\xampp\htdocs\login\system\Database\MySQLi\Connection.php(174): mysqli->real_connect('localhost', 'root', '', 'login', 3306, '', 0)
#1 C:\xampp\htdocs\login\system\Database\BaseConnection.php(391): CodeIgniter\Database\MySQLi\Connection->connect(false)
#2 C:\xampp\htdocs\login\system\Database\BaseConnection.php(573): CodeIgniter\Database\BaseConnection->initialize()
#3 C:\xampp\htdocs\login\system\Database\BaseBuilder.php(1602): CodeIgniter\Database\BaseConnection->query('SELECT *\nFROM `...', Array, false)
#4 C:\xampp\htdocs\login\system\Model.php(267): CodeIgniter\Database\BaseBuilder->get()
#5 C:\xampp\htdocs\login\system\BaseModel.php(656): CodeIgniter\Model->doFirst()
#6 C:\xampp\htdocs\login\app\Validation\UserRules.php(11): CodeIgniter\BaseModel->first()
#7 C:\xampp\htdocs\login\system\Validation\Validation.php(312): App\Validation\UserRules->validateUser('sjbcfaskjbckja', 'email,password', Array, NULL, 'password')
#8 C:\xampp\htdocs\login\system\Validation\Validation.php(170): CodeIgniter\Validation\Validation->processRules('password', 'password', 'sjbcfaskjbckja', Array, Array)
#9 C:\xampp\htdocs\login\system\Controller.php(140): CodeIgniter\Validation\Validation->run()
#10 C:\xampp\htdocs\login\app\Controllers\Users.php(27): CodeIgniter\Controller->validate(Array, Array)
#11 C:\xampp\htdocs\login\system\CodeIgniter.php(934): App\Controllers\Users->index()
#12 C:\xampp\htdocs\login\system\CodeIgniter.php(499): CodeIgniter\CodeIgniter->runController(Object(App\Controllers\Users))
#13 C:\xampp\htdocs\login\system\CodeIgniter.php(368): CodeIgniter\CodeIgniter->handleRequest(NULL, Object(Config\Cache), false)
#14 C:\xampp\htdocs\login\public\index.php(67): CodeIgniter\CodeIgniter->run()
#15 C:\xampp\htdocs\login\system\Commands\Server\rewrite.php(47): require_once('C:\\xampp\\htdocs...')
#16 {main}

Next CodeIgniter\Database\Exceptions\DatabaseException: No connection could be made because the target machine actively refused it in C:\xampp\htdocs\login\system\Database\MySQLi\Connection.php:218
Stack trace:
#0 C:\xampp\htdocs\login\system\Database\BaseConnection.php(391): CodeIgniter\Database\MySQLi\Connection->connect(false)
#1 C:\xampp\htdocs\login\system\Database\BaseConnection.php(573): CodeIgniter\Database\BaseConnection->initialize()
#2 C:\xampp\htdocs\login\system\Database\BaseBuilder.php(1602): CodeIgniter\Database\BaseConnection->query('SELECT *\nFROM `...', Array, false)
#3 C:\xampp\htdocs\login\system\Model.php(267): CodeIgniter\Database\BaseBuilder->get()
#4 C:\xampp\htdocs\login\system\BaseModel.php(656): CodeIgniter\Model->doFirst()
#5 C:\xampp\htdocs\login\app\Validation\UserRules.php(11): CodeIgniter\BaseModel->first()
#6 C:\xampp\htdocs\login\system\Validation\Validation.php(312): App\Validation\UserRules->validateUser('sjbcfaskjbckja', 'email,password', Array, NULL, 'password')
#7 C:\xampp\htdocs\login\system\Validation\Validation.php(170): CodeIgniter\Validation\Validation->processRules('password', 'password', 'sjbcfaskjbckja', Array, Array)
#8 C:\xampp\htdocs\login\system\Controller.php(140): CodeIgniter\Validation\Validation->run()
#9 C:\xampp\htdocs\login\app\Controllers\Users.php(27): CodeIgniter\Controller->validate(Array, Array)
#10 C:\xampp\htdocs\login\system\CodeIgniter.php(934): App\Controllers\Users->index()
#11 C:\xampp\htdocs\login\system\CodeIgniter.php(499): CodeIgniter\CodeIgniter->runController(Object(App\Controllers\Users))
#12 C:\xampp\htdocs\login\system\CodeIgniter.php(368): CodeIgniter\CodeIgniter->handleRequest(NULL, Object(Config\Cache), false)
#13 C:\xampp\htdocs\login\public\index.php(67): CodeIgniter\CodeIgniter->run()
#14 C:\xampp\htdocs\login\system\Commands\Server\rewrite.php(47): require_once('C:\\xampp\\htdocs...')
#15 {main}
CRITICAL - 2023-02-05 14:29:25 --> Unable to connect to the database.
Main connection [MySQLi]: No connection could be made because the target machine actively refused it
in SYSTEMPATH\Database\BaseConnection.php on line 427.
 1 SYSTEMPATH\Database\BaseConnection.php(573): CodeIgniter\Database\BaseConnection->initialize()
 2 SYSTEMPATH\Database\BaseBuilder.php(1602): CodeIgniter\Database\BaseConnection->query('SELECT *
FROM `users`
WHERE `email` = :email:
 LIMIT 1', [...], false)
 3 SYSTEMPATH\Model.php(267): CodeIgniter\Database\BaseBuilder->get()
 4 SYSTEMPATH\BaseModel.php(656): CodeIgniter\Model->doFirst()
 5 APPPATH\Validation\UserRules.php(11): CodeIgniter\BaseModel->first()
 6 SYSTEMPATH\Validation\Validation.php(312): App\Validation\UserRules->validateUser('sjbcfaskjbckja', 'email,password', [...], null, 'password')
 7 SYSTEMPATH\Validation\Validation.php(170): CodeIgniter\Validation\Validation->processRules('password', 'password', 'sjbcfaskjbckja', [...], [...])
 8 SYSTEMPATH\Controller.php(140): CodeIgniter\Validation\Validation->run()
 9 APPPATH\Controllers\Users.php(27): CodeIgniter\Controller->validate([...], [...])
10 SYSTEMPATH\CodeIgniter.php(934): App\Controllers\Users->index()
11 SYSTEMPATH\CodeIgniter.php(499): CodeIgniter\CodeIgniter->runController(Object(App\Controllers\Users))
12 SYSTEMPATH\CodeIgniter.php(368): CodeIgniter\CodeIgniter->handleRequest(null, Object(Config\Cache), false)
13 FCPATH\index.php(67): CodeIgniter\CodeIgniter->run()
14 SYSTEMPATH\Commands\Server\rewrite.php(47): require_once('FCPATH\\index.php')
CRITICAL - 2023-02-05 15:10:26 --> Invalid file: "dashboard.php"
in SYSTEMPATH\Exceptions\FrameworkException.php on line 33.
 1 SYSTEMPATH\View\View.php(201): CodeIgniter\Exceptions\FrameworkException::forInvalidFile('dashboard.php')
 2 SYSTEMPATH\Common.php(1177): CodeIgniter\View\View->render('dashboard', [], true)
 3 APPPATH\Controllers\Dashboard.php(10): view('dashboard')
 4 SYSTEMPATH\CodeIgniter.php(934): App\Controllers\Dashboard->index()
 5 SYSTEMPATH\CodeIgniter.php(499): CodeIgniter\CodeIgniter->runController(Object(App\Controllers\Dashboard))
 6 SYSTEMPATH\CodeIgniter.php(368): CodeIgniter\CodeIgniter->handleRequest(null, Object(Config\Cache), false)
 7 FCPATH\index.php(67): CodeIgniter\CodeIgniter->run()
 8 SYSTEMPATH\Commands\Server\rewrite.php(47): require_once('FCPATH\\index.php')
CRITICAL - 2023-02-05 15:36:01 --> Invalid file: "profile.php"
in SYSTEMPATH\Exceptions\FrameworkException.php on line 33.
 1 SYSTEMPATH\View\View.php(201): CodeIgniter\Exceptions\FrameworkException::forInvalidFile('profile.php')
 2 SYSTEMPATH\Common.php(1177): CodeIgniter\View\View->render('profile', [], true)
 3 APPPATH\Controllers\Users.php(140): view('profile')
 4 SYSTEMPATH\CodeIgniter.php(934): App\Controllers\Users->profile()
 5 SYSTEMPATH\CodeIgniter.php(499): CodeIgniter\CodeIgniter->runController(Object(App\Controllers\Users))
 6 SYSTEMPATH\CodeIgniter.php(368): CodeIgniter\CodeIgniter->handleRequest(null, Object(Config\Cache), false)
 7 FCPATH\index.php(67): CodeIgniter\CodeIgniter->run()
 8 SYSTEMPATH\Commands\Server\rewrite.php(47): require_once('FCPATH\\index.php')
