CRITICAL - 2023-02-04 17:22:12 --> Undefined variable $helper
in APPPATH\Controllers\Users.php on line 10.
 1 APPPATH\Controllers\Users.php(10): CodeIgniter\Debug\Exceptions->errorHandler(2, 'Undefined variable $helper', 'APPPATH\\Controllers\\Users.php', 10)
 2 SYSTEMPATH\CodeIgniter.php(934): App\Controllers\Users->index()
 3 SYSTEMPATH\CodeIgniter.php(499): CodeIgniter\CodeIgniter->runController(Object(App\Controllers\Users))
 4 SYSTEMPATH\CodeIgniter.php(368): CodeIgniter\CodeIgniter->handleRequest(null, Object(Config\Cache), false)
 5 FCPATH\index.php(67): CodeIgniter\CodeIgniter->run()
 6 SYSTEMPATH\Commands\Server\rewrite.php(47): require_once('FCPATH\\index.php')
CRITICAL - 2023-02-04 17:22:24 --> Undefined variable $helper
in APPPATH\Controllers\Users.php on line 10.
 1 APPPATH\Controllers\Users.php(10): CodeIgniter\Debug\Exceptions->errorHandler(2, 'Undefined variable $helper', 'APPPATH\\Controllers\\Users.php', 10)
 2 SYSTEMPATH\CodeIgniter.php(934): App\Controllers\Users->index()
 3 SYSTEMPATH\CodeIgniter.php(499): CodeIgniter\CodeIgniter->runController(Object(App\Controllers\Users))
 4 SYSTEMPATH\CodeIgniter.php(368): CodeIgniter\CodeIgniter->handleRequest(null, Object(Config\Cache), false)
 5 FCPATH\index.php(67): CodeIgniter\CodeIgniter->run()
 6 SYSTEMPATH\Commands\Server\rewrite.php(47): require_once('FCPATH\\index.php')
CRITICAL - 2023-02-04 17:24:29 --> Undefined variable $helper
in APPPATH\Controllers\Users.php on line 10.
 1 APPPATH\Controllers\Users.php(10): CodeIgniter\Debug\Exceptions->errorHandler(2, 'Undefined variable $helper', 'APPPATH\\Controllers\\Users.php', 10)
 2 SYSTEMPATH\CodeIgniter.php(934): App\Controllers\Users->index()
 3 SYSTEMPATH\CodeIgniter.php(499): CodeIgniter\CodeIgniter->runController(Object(App\Controllers\Users))
 4 SYSTEMPATH\CodeIgniter.php(368): CodeIgniter\CodeIgniter->handleRequest(null, Object(Config\Cache), false)
 5 FCPATH\index.php(67): CodeIgniter\CodeIgniter->run()
 6 SYSTEMPATH\Commands\Server\rewrite.php(47): require_once('FCPATH\\index.php')
CRITICAL - 2023-02-04 17:28:20 --> Undefined variable $helper
in APPPATH\Controllers\Users.php on line 10.
 1 APPPATH\Controllers\Users.php(10): CodeIgniter\Debug\Exceptions->errorHandler(2, 'Undefined variable $helper', 'APPPATH\\Controllers\\Users.php', 10)
 2 SYSTEMPATH\CodeIgniter.php(934): App\Controllers\Users->index()
 3 SYSTEMPATH\CodeIgniter.php(499): CodeIgniter\CodeIgniter->runController(Object(App\Controllers\Users))
 4 SYSTEMPATH\CodeIgniter.php(368): CodeIgniter\CodeIgniter->handleRequest(null, Object(Config\Cache), false)
 5 FCPATH\index.php(67): CodeIgniter\CodeIgniter->run()
 6 SYSTEMPATH\Commands\Server\rewrite.php(47): require_once('FCPATH\\index.php')
CRITICAL - 2023-02-04 17:28:30 --> Undefined variable $helper
in APPPATH\Controllers\Users.php on line 10.
 1 APPPATH\Controllers\Users.php(10): CodeIgniter\Debug\Exceptions->errorHandler(2, 'Undefined variable $helper', 'APPPATH\\Controllers\\Users.php', 10)
 2 SYSTEMPATH\CodeIgniter.php(934): App\Controllers\Users->index()
 3 SYSTEMPATH\CodeIgniter.php(499): CodeIgniter\CodeIgniter->runController(Object(App\Controllers\Users))
 4 SYSTEMPATH\CodeIgniter.php(368): CodeIgniter\CodeIgniter->handleRequest(null, Object(Config\Cache), false)
 5 FCPATH\index.php(67): CodeIgniter\CodeIgniter->run()
 6 SYSTEMPATH\Commands\Server\rewrite.php(47): require_once('FCPATH\\index.php')
CRITICAL - 2023-02-04 17:28:32 --> Undefined variable $helper
in APPPATH\Controllers\Users.php on line 10.
 1 APPPATH\Controllers\Users.php(10): CodeIgniter\Debug\Exceptions->errorHandler(2, 'Undefined variable $helper', 'APPPATH\\Controllers\\Users.php', 10)
 2 SYSTEMPATH\CodeIgniter.php(934): App\Controllers\Users->index()
 3 SYSTEMPATH\CodeIgniter.php(499): CodeIgniter\CodeIgniter->runController(Object(App\Controllers\Users))
 4 SYSTEMPATH\CodeIgniter.php(368): CodeIgniter\CodeIgniter->handleRequest(null, Object(Config\Cache), false)
 5 FCPATH\index.php(67): CodeIgniter\CodeIgniter->run()
 6 SYSTEMPATH\Commands\Server\rewrite.php(47): require_once('FCPATH\\index.php')
CRITICAL - 2023-02-04 17:35:11 --> Undefined variable $helper
in APPPATH\Controllers\Users.php on line 10.
 1 APPPATH\Controllers\Users.php(10): CodeIgniter\Debug\Exceptions->errorHandler(2, 'Undefined variable $helper', 'APPPATH\\Controllers\\Users.php', 10)
 2 SYSTEMPATH\CodeIgniter.php(934): App\Controllers\Users->index()
 3 SYSTEMPATH\CodeIgniter.php(499): CodeIgniter\CodeIgniter->runController(Object(App\Controllers\Users))
 4 SYSTEMPATH\CodeIgniter.php(368): CodeIgniter\CodeIgniter->handleRequest(null, Object(Config\Cache), false)
 5 FCPATH\index.php(67): CodeIgniter\CodeIgniter->run()
 6 SYSTEMPATH\Commands\Server\rewrite.php(47): require_once('FCPATH\\index.php')
